<?xml version="1.0" encoding="UTF-8"?>
<!-- Generated by org.testng.reporters.JUnitReportReporter -->
<testsuite hostname="Vikram-PC" failures="0" tests="2" name="Testnng.Dpp" time="0.018" errors="0" timestamp="2023-07-07T10:48:41 IST" skipped="0">
  <testcase classname="Testnng.Dpp" name="testdpvalues" time="0.004"/>
  <system-out/>
  <testcase classname="Testnng.Dpp" name="testdpvalues" time="0.014"/>
  <system-out/>
</testsuite> <!-- Testnng.Dpp -->
